2025-05-11 13:43:35.282 +08:00 [ERR] 数据库连接测试失败
System.ArgumentException: Unsupported database type: sql server
   at DatabaseMigrationTool.Core.Services.DatabaseMigrationService.CreateConnection(DatabaseConnectionConfig config) in E:\no_smart_code\DatabaseMigrationTool.Core\Services\DatabaseMigrationService.cs:line 132
   at DatabaseMigrationTool.Core.Services.DatabaseMigrationService.TestConnectionAsync(DatabaseConnectionConfig config) in E:\no_smart_code\DatabaseMigrationTool.Core\Services\DatabaseMigrationService.cs:line 26
2025-05-11 13:43:37.254 +08:00 [ERR] 数据库连接测试失败
System.ArgumentException: Unsupported database type: sql server
   at DatabaseMigrationTool.Core.Services.DatabaseMigrationService.CreateConnection(DatabaseConnectionConfig config) in E:\no_smart_code\DatabaseMigrationTool.Core\Services\DatabaseMigrationService.cs:line 132
   at DatabaseMigrationTool.Core.Services.DatabaseMigrationService.TestConnectionAsync(DatabaseConnectionConfig config) in E:\no_smart_code\DatabaseMigrationTool.Core\Services\DatabaseMigrationService.cs:line 26
2025-05-11 13:43:43.534 +08:00 [ERR] 数据库连接测试失败
System.ArgumentException: Unsupported database type: sql server
   at DatabaseMigrationTool.Core.Services.DatabaseMigrationService.CreateConnection(DatabaseConnectionConfig config) in E:\no_smart_code\DatabaseMigrationTool.Core\Services\DatabaseMigrationService.cs:line 132
   at DatabaseMigrationTool.Core.Services.DatabaseMigrationService.TestConnectionAsync(DatabaseConnectionConfig config) in E:\no_smart_code\DatabaseMigrationTool.Core\Services\DatabaseMigrationService.cs:line 26
2025-05-11 13:51:15.649 +08:00 [ERR] 数据库连接测试失败
System.ArgumentException: Unsupported database type: sql server
   at DatabaseMigrationTool.Core.Models.DatabaseConnectionConfig.GetConnectionString() in E:\no_smart_code\DatabaseMigrationTool.Core\Models\DatabaseConnectionConfig.cs:line 39
   at DatabaseMigrationTool.Core.Services.DatabaseMigrationService.CreateConnection(DatabaseConnectionConfig config) in E:\no_smart_code\DatabaseMigrationTool.Core\Services\DatabaseMigrationService.cs:line 136
   at DatabaseMigrationTool.Core.Services.DatabaseMigrationService.TestConnectionAsync(DatabaseConnectionConfig config) in E:\no_smart_code\DatabaseMigrationTool.Core\Services\DatabaseMigrationService.cs:line 31
2025-05-11 13:51:16.780 +08:00 [ERR] 数据库连接测试失败
System.ArgumentException: Unsupported database type: sql server
   at DatabaseMigrationTool.Core.Models.DatabaseConnectionConfig.GetConnectionString() in E:\no_smart_code\DatabaseMigrationTool.Core\Models\DatabaseConnectionConfig.cs:line 39
   at DatabaseMigrationTool.Core.Services.DatabaseMigrationService.CreateConnection(DatabaseConnectionConfig config) in E:\no_smart_code\DatabaseMigrationTool.Core\Services\DatabaseMigrationService.cs:line 136
   at DatabaseMigrationTool.Core.Services.DatabaseMigrationService.TestConnectionAsync(DatabaseConnectionConfig config) in E:\no_smart_code\DatabaseMigrationTool.Core\Services\DatabaseMigrationService.cs:line 31
2025-05-11 13:51:17.450 +08:00 [ERR] 数据库连接测试失败
System.ArgumentException: Unsupported database type: sql server
   at DatabaseMigrationTool.Core.Models.DatabaseConnectionConfig.GetConnectionString() in E:\no_smart_code\DatabaseMigrationTool.Core\Models\DatabaseConnectionConfig.cs:line 39
   at DatabaseMigrationTool.Core.Services.DatabaseMigrationService.CreateConnection(DatabaseConnectionConfig config) in E:\no_smart_code\DatabaseMigrationTool.Core\Services\DatabaseMigrationService.cs:line 136
   at DatabaseMigrationTool.Core.Services.DatabaseMigrationService.TestConnectionAsync(DatabaseConnectionConfig config) in E:\no_smart_code\DatabaseMigrationTool.Core\Services\DatabaseMigrationService.cs:line 31
2025-05-11 14:00:26.417 +08:00 [ERR] 数据库连接测试失败
Microsoft.Data.SqlClient.SqlException (0x80131904): A connection was successfully established with the server, but then an error occurred during the login process. (provider: SSL Provider, error: 0 - 证书链是由不受信任的颁发机构颁发的。)
 ---> System.ComponentModel.Win32Exception (0x80090325): 证书链是由不受信任的颁发机构颁发的。
   at Microsoft.Data.SqlClient.SqlInternalConnection.OnError(SqlException exception, Boolean breakConnection, Action`1 wrapCloseInAction)
   at Microsoft.Data.SqlClient.TdsParser.ThrowExceptionAndWarning(TdsParserStateObject stateObj, Boolean callerHasConnectionLock, Boolean asyncClose)
   at Microsoft.Data.SqlClient.TdsParserStateObject.ThrowExceptionAndWarning(Boolean callerHasConnectionLock, Boolean asyncClose)
   at Microsoft.Data.SqlClient.TdsParserStateObject.SNIWritePacket(PacketHandle packet, UInt32& sniError, Boolean canAccumulate, Boolean callerHasConnectionLock, Boolean asyncClose)
   at Microsoft.Data.SqlClient.TdsParserStateObject.WriteSni(Boolean canAccumulate)
   at Microsoft.Data.SqlClient.TdsParserStateObject.WritePacket(Byte flushMode, Boolean canAccumulate)
   at Microsoft.Data.SqlClient.TdsParser.TdsLogin(SqlLogin rec, FeatureExtension requestedFeatures, SessionData recoverySessionData, FederatedAuthenticationFeatureExtensionData fedAuthFeatureExtensionData, SqlConnectionEncryptOption encrypt)
   at Microsoft.Data.SqlClient.SqlInternalConnectionTds.Login(ServerInfo server, TimeoutTimer timeout, String newPassword, SecureString newSecurePassword, SqlConnectionEncryptOption encrypt)
   at Microsoft.Data.SqlClient.SqlInternalConnectionTds.AttemptOneLogin(ServerInfo serverInfo, String newPassword, SecureString newSecurePassword, Boolean ignoreSniOpenTimeout, TimeoutTimer timeout, Boolean withFailover)
   at Microsoft.Data.SqlClient.SqlInternalConnectionTds.LoginNoFailover(ServerInfo serverInfo, String newPassword, SecureString newSecurePassword, Boolean redirectedUserInstance, SqlConnectionString connectionOptions, SqlCredential credential, TimeoutTimer timeout)
   at Microsoft.Data.SqlClient.SqlInternalConnectionTds.OpenLoginEnlist(TimeoutTimer timeout, SqlConnectionString connectionOptions, SqlCredential credential, String newPassword, SecureString newSecurePassword, Boolean redirectedUserInstance)
   at Microsoft.Data.SqlClient.SqlInternalConnectionTds..ctor(DbConnectionPoolIdentity identity, SqlConnectionString connectionOptions, SqlCredential credential, Object providerInfo, String newPassword, SecureString newSecurePassword, Boolean redirectedUserInstance, SqlConnectionString userConnectionOptions, SessionData reconnectSessionData, Boolean applyTransientFaultHandling, String accessToken, DbConnectionPool pool)
   at Microsoft.Data.SqlClient.SqlConnectionFactory.CreateConnection(DbConnectionOptions options, DbConnectionPoolKey poolKey, Object poolGroupProviderInfo, DbConnectionPool pool, DbConnection owningConnection, DbConnectionOptions userOptions)
   at Microsoft.Data.ProviderBase.DbConnectionFactory.CreatePooledConnection(DbConnectionPool pool, DbConnection owningObject, DbConnectionOptions options, DbConnectionPoolKey poolKey, DbConnectionOptions userOptions)
   at Microsoft.Data.ProviderBase.DbConnectionPool.CreateObject(DbConnection owningObject, DbConnectionOptions userOptions, DbConnectionInternal oldConnection)
   at Microsoft.Data.ProviderBase.DbConnectionPool.UserCreateRequest(DbConnection owningObject, DbConnectionOptions userOptions, DbConnectionInternal oldConnection)
   at Microsoft.Data.ProviderBase.DbConnectionPool.TryGetConnection(DbConnection owningObject, UInt32 waitForMultipleObjectsTimeout, Boolean allowCreate, Boolean onlyOneCheckConnection, DbConnectionOptions userOptions, DbConnectionInternal& connection)
   at Microsoft.Data.ProviderBase.DbConnectionPool.WaitForPendingOpen()
--- End of stack trace from previous location ---
   at DatabaseMigrationTool.Core.Services.DatabaseMigrationService.OpenConnectionAsync(IDbConnection connection) in E:\no_smart_code\DatabaseMigrationTool.Core\Services\DatabaseMigrationService.cs:line 493
   at DatabaseMigrationTool.Core.Services.DatabaseMigrationService.TestConnectionAsync(DatabaseConnectionConfig config) in E:\no_smart_code\DatabaseMigrationTool.Core\Services\DatabaseMigrationService.cs:line 32
ClientConnectionId:ac872851-f551-461c-80ea-1c5001808922
Error Number:-2146893019,State:0,Class:20
2025-05-11 14:00:27.772 +08:00 [ERR] 数据库连接测试失败
Microsoft.Data.SqlClient.SqlException (0x80131904): A connection was successfully established with the server, but then an error occurred during the login process. (provider: SSL Provider, error: 0 - 证书链是由不受信任的颁发机构颁发的。)
 ---> System.ComponentModel.Win32Exception (0x80090325): 证书链是由不受信任的颁发机构颁发的。
   at Microsoft.Data.ProviderBase.DbConnectionPool.TryGetConnection(DbConnection owningObject, UInt32 waitForMultipleObjectsTimeout, Boolean allowCreate, Boolean onlyOneCheckConnection, DbConnectionOptions userOptions, DbConnectionInternal& connection)
   at Microsoft.Data.ProviderBase.DbConnectionPool.TryGetConnection(DbConnection owningObject, TaskCompletionSource`1 retry, DbConnectionOptions userOptions, DbConnectionInternal& connection)
   at Microsoft.Data.ProviderBase.DbConnectionFactory.TryGetConnection(DbConnection owningConnection, TaskCompletionSource`1 retry, DbConnectionOptions userOptions, DbConnectionInternal oldConnection, DbConnectionInternal& connection)
   at Microsoft.Data.ProviderBase.DbConnectionInternal.TryOpenConnectionInternal(DbConnection outerConnection, DbConnectionFactory connectionFactory, TaskCompletionSource`1 retry, DbConnectionOptions userOptions)
   at Microsoft.Data.ProviderBase.DbConnectionClosed.TryOpenConnection(DbConnection outerConnection, DbConnectionFactory connectionFactory, TaskCompletionSource`1 retry, DbConnectionOptions userOptions)
   at Microsoft.Data.SqlClient.SqlConnection.TryOpen(TaskCompletionSource`1 retry, SqlConnectionOverrides overrides)
   at Microsoft.Data.SqlClient.SqlConnection.InternalOpenAsync(CancellationToken cancellationToken)
--- End of stack trace from previous location ---
   at DatabaseMigrationTool.Core.Services.DatabaseMigrationService.OpenConnectionAsync(IDbConnection connection) in E:\no_smart_code\DatabaseMigrationTool.Core\Services\DatabaseMigrationService.cs:line 493
   at DatabaseMigrationTool.Core.Services.DatabaseMigrationService.TestConnectionAsync(DatabaseConnectionConfig config) in E:\no_smart_code\DatabaseMigrationTool.Core\Services\DatabaseMigrationService.cs:line 32
ClientConnectionId:ac872851-f551-461c-80ea-1c5001808922
Error Number:-2146893019,State:0,Class:20
2025-05-11 14:00:28.405 +08:00 [ERR] 数据库连接测试失败
Microsoft.Data.SqlClient.SqlException (0x80131904): A connection was successfully established with the server, but then an error occurred during the login process. (provider: SSL Provider, error: 0 - 证书链是由不受信任的颁发机构颁发的。)
 ---> System.ComponentModel.Win32Exception (0x80090325): 证书链是由不受信任的颁发机构颁发的。
   at Microsoft.Data.ProviderBase.DbConnectionPool.TryGetConnection(DbConnection owningObject, UInt32 waitForMultipleObjectsTimeout, Boolean allowCreate, Boolean onlyOneCheckConnection, DbConnectionOptions userOptions, DbConnectionInternal& connection)
   at Microsoft.Data.ProviderBase.DbConnectionPool.TryGetConnection(DbConnection owningObject, TaskCompletionSource`1 retry, DbConnectionOptions userOptions, DbConnectionInternal& connection)
   at Microsoft.Data.ProviderBase.DbConnectionFactory.TryGetConnection(DbConnection owningConnection, TaskCompletionSource`1 retry, DbConnectionOptions userOptions, DbConnectionInternal oldConnection, DbConnectionInternal& connection)
   at Microsoft.Data.ProviderBase.DbConnectionInternal.TryOpenConnectionInternal(DbConnection outerConnection, DbConnectionFactory connectionFactory, TaskCompletionSource`1 retry, DbConnectionOptions userOptions)
   at Microsoft.Data.ProviderBase.DbConnectionClosed.TryOpenConnection(DbConnection outerConnection, DbConnectionFactory connectionFactory, TaskCompletionSource`1 retry, DbConnectionOptions userOptions)
   at Microsoft.Data.SqlClient.SqlConnection.TryOpen(TaskCompletionSource`1 retry, SqlConnectionOverrides overrides)
   at Microsoft.Data.SqlClient.SqlConnection.InternalOpenAsync(CancellationToken cancellationToken)
--- End of stack trace from previous location ---
   at DatabaseMigrationTool.Core.Services.DatabaseMigrationService.OpenConnectionAsync(IDbConnection connection) in E:\no_smart_code\DatabaseMigrationTool.Core\Services\DatabaseMigrationService.cs:line 493
   at DatabaseMigrationTool.Core.Services.DatabaseMigrationService.TestConnectionAsync(DatabaseConnectionConfig config) in E:\no_smart_code\DatabaseMigrationTool.Core\Services\DatabaseMigrationService.cs:line 32
ClientConnectionId:ac872851-f551-461c-80ea-1c5001808922
Error Number:-2146893019,State:0,Class:20
